%このファイルは日本語文字を含みます.
\BOOKMARK [1][-]{section.1}{はじめに}{}% 1
\BOOKMARK [2][-]{subsection.1.1}{問題の所在}{section.1}% 2
\BOOKMARK [2][-]{subsection.1.2}{本レポートの構成}{section.1}% 3
\BOOKMARK [2][-]{subsection.1.3}{本レポートにおける注意点}{section.1}% 4
\BOOKMARK [1][-]{section.2}{日本のイレズミの歴史}{}% 5
\BOOKMARK [2][-]{subsection.2.1}{歴史的変遷}{section.2}% 6
\BOOKMARK [2][-]{subsection.2.2}{イレズミ＝ヤクザ」のイメージを作った背景}{section.2}% 7
\BOOKMARK [1][-]{section.3}{現在のイレズミを取り巻く状況}{}% 8
\BOOKMARK [2][-]{subsection.3.1}{現在の日本の制度}{section.3}% 9
\BOOKMARK [2][-]{subsection.3.2}{近年のイレズミ文化}{section.3}% 10
\BOOKMARK [1][-]{section.4}{イレズミ入浴拒否事件}{}% 11
\BOOKMARK [2][-]{subsection.4.1}{イレズミ入浴拒否事件}{section.4}% 12
\BOOKMARK [1][-]{section.5}{大阪市イレズミ調査事件}{}% 13
\BOOKMARK [2][-]{subsection.5.1}{事実}{section.5}% 14
\BOOKMARK [2][-]{subsection.5.2}{争点}{section.5}% 15
\BOOKMARK [2][-]{subsection.5.3}{判決}{section.5}% 16
\BOOKMARK [2][-]{subsection.5.4}{個人的な見解}{section.5}% 17
\BOOKMARK [1][-]{section.6}{まとめ}{}% 18
\BOOKMARK [1][-]{section.7}{参考文献}{}% 19
