%このファイルは日本語文字を含みます.
\BOOKMARK [1][-]{section.1}{はじめに}{}% 1
\BOOKMARK [2][-]{subsection.1.1}{背景説明}{section.1}% 2
\BOOKMARK [2][-]{subsection.1.2}{問題提起}{section.1}% 3
\BOOKMARK [2][-]{subsection.1.3}{全体予告}{section.1}% 4
\BOOKMARK [1][-]{section.2}{データポータビリティとは}{}% 5
\BOOKMARK [2][-]{subsection.2.1}{定義}{section.2}% 6
\BOOKMARK [2][-]{subsection.2.2}{目的}{section.2}% 7
\BOOKMARK [1][-]{section.3}{データポータビリティの現状}{}% 8
\BOOKMARK [2][-]{subsection.3.1}{国が主導する取り組み}{section.3}% 9
\BOOKMARK [2][-]{subsection.3.2}{大企業での自主的な取り組み}{section.3}% 10
\BOOKMARK [2][-]{subsection.3.3}{小括 現状の問題点}{section.3}% 11
\BOOKMARK [1][-]{section.4}{立法による制度設計}{}% 12
\BOOKMARK [2][-]{subsection.4.1}{データポータビリティ実現の3つの選択肢}{section.4}% 13
\BOOKMARK [2][-]{subsection.4.2}{検討}{section.4}% 14
\BOOKMARK [1][-]{section.5}{情報銀行}{}% 15
\BOOKMARK [2][-]{subsection.5.1}{データポータビリティの実現に向けた提案}{section.5}% 16
\BOOKMARK [2][-]{subsection.5.2}{情報銀行とは}{section.5}% 17
\BOOKMARK [2][-]{subsection.5.3}{日本の現状}{section.5}% 18
\BOOKMARK [2][-]{subsection.5.4}{情報銀行とデータポータビリティ}{section.5}% 19
\BOOKMARK [2][-]{subsection.5.5}{結論}{section.5}% 20
\BOOKMARK [1][-]{section.6}{参考文献}{}% 21
