%このファイルは日本語文字を含みます.
\BOOKMARK [1][-]{section.1}{はじめに}{}% 1
\BOOKMARK [1][-]{section.2}{フェイクニュースの定義と発生・拡散のメカニズム}{}% 2
\BOOKMARK [2][-]{subsection.2.1}{フェイクニュースの定義}{section.2}% 3
\BOOKMARK [2][-]{subsection.2.2}{フェイクニュースの拡散}{section.2}% 4
\BOOKMARK [1][-]{section.3}{フェイクニュースと表現の自由}{}% 5
\BOOKMARK [2][-]{subsection.3.1}{表現の自由}{section.3}% 6
\BOOKMARK [2][-]{subsection.3.2}{フェイクニュースとの関係における思想の自由市場と表現の自由}{section.3}% 7
\BOOKMARK [2][-]{subsection.3.3}{諸外国における民間事業者のフェイクニュース対策}{section.3}% 8
\BOOKMARK [2][-]{subsection.3.4}{海外におけるフェイクニュース対策}{section.3}% 9
\BOOKMARK [1][-]{section.4}{日本における動き}{}% 10
\BOOKMARK [2][-]{subsection.4.1}{フェイクニュースや偽情報への対応の在り方}{section.4}% 11
\BOOKMARK [1][-]{section.5}{今後のフェイクニュース規制について}{}% 12
\BOOKMARK [2][-]{subsection.5.1}{共同規制という概念}{section.5}% 13
\BOOKMARK [2][-]{subsection.5.2}{政府規制の限界}{section.5}% 14
\BOOKMARK [2][-]{subsection.5.3}{自主規制の限界}{section.5}% 15
\BOOKMARK [2][-]{subsection.5.4}{共同規制の類型}{section.5}% 16
\BOOKMARK [2][-]{subsection.5.5}{コントロールポイントについて}{section.5}% 17
\BOOKMARK [2][-]{subsection.5.6}{自主規制の失敗のリカバリー}{section.5}% 18
\BOOKMARK [2][-]{subsection.5.7}{共同規制の枠組}{section.5}% 19
\BOOKMARK [1][-]{section.6}{結びにかえて}{}% 20
\BOOKMARK [1][-]{section.7}{参考文献}{}% 21
