%このファイルは日本語文字を含みます.
\BOOKMARK [1][-]{section.1}{はじめに}{}% 1
\BOOKMARK [2][-]{subsection.1.1}{問題の所在}{section.1}% 2
\BOOKMARK [2][-]{subsection.1.2}{本レポートの構成}{section.1}% 3
\BOOKMARK [1][-]{section.2}{同性カップルをめぐる動き}{}% 4
\BOOKMARK [2][-]{subsection.2.1}{世界の動き}{section.2}% 5
\BOOKMARK [2][-]{subsection.2.2}{我が国の動き}{section.2}% 6
\BOOKMARK [1][-]{section.3}{同姓カップルの被侵害権利・利益}{}% 7
\BOOKMARK [2][-]{subsection.3.1}{婚姻の禁止}{section.3}% 8
\BOOKMARK [2][-]{subsection.3.2}{社会的承認の不享受}{section.3}% 9
\BOOKMARK [2][-]{subsection.3.3}{婚姻に伴う具体的権利・利益の不享受}{section.3}% 10
\BOOKMARK [1][-]{section.4}{同性婚訴訟とその行方}{}% 11
\BOOKMARK [2][-]{subsection.4.1}{訴訟の構成}{section.4}% 12
\BOOKMARK [2][-]{subsection.4.2}{「第５　法律婚同性の者との婚姻を認めないことが婚姻の自由の侵害であること」}{section.4}% 13
\BOOKMARK [2][-]{subsection.4.3}{「第６　法律上同性の者との婚姻を認めないことが平等原則に違反すること」}{section.4}% 14
\BOOKMARK [2][-]{subsection.4.4}{まとめ}{section.4}% 15
\BOOKMARK [1][-]{section.5}{我が国における近時の訴訟}{}% 16
\BOOKMARK [2][-]{subsection.5.1}{同性カップルの共同生活の一方的な解消に対する損害賠償請求訴訟}{section.5}% 17
\BOOKMARK [2][-]{subsection.5.2}{同性パートナーを殺害され被害者遺族として公的給付を求めた訴訟}{section.5}% 18
\BOOKMARK [2][-]{subsection.5.3}{２つの訴訟の違い}{section.5}% 19
\BOOKMARK [2][-]{subsection.5.4}{名古屋地裁判決に対する評価}{section.5}% 20
\BOOKMARK [2][-]{subsection.5.5}{同性事実婚と異性事実婚の別異取扱いについての検討}{section.5}% 21
\BOOKMARK [1][-]{section.6}{終わりに}{}% 22
\BOOKMARK [1][-]{section.7}{参考文献}{}% 23
