%このファイルは日本語文字を含みます.
\BOOKMARK [1][-]{section.1}{はじめに}{}% 1
\BOOKMARK [2][-]{subsection.1.1}{背景説明}{section.1}% 2
\BOOKMARK [2][-]{subsection.1.2}{問題提起}{section.1}% 3
\BOOKMARK [2][-]{subsection.1.3}{全体予告}{section.1}% 4
\BOOKMARK [1][-]{section.2}{DNA情報について}{}% 5
\BOOKMARK [2][-]{subsection.2.1}{個人情報を収集する根拠}{section.2}% 6
\BOOKMARK [2][-]{subsection.2.2}{目的}{section.2}% 7
\BOOKMARK [2][-]{subsection.2.3}{採集種類}{section.2}% 8
\BOOKMARK [2][-]{subsection.2.4}{利用現状}{section.2}% 9
\BOOKMARK [1][-]{section.3}{具体的な事件を解決するためのDNA型情報取得の合憲性について}{}% 10
\BOOKMARK [2][-]{subsection.3.1}{憲法13条の合憲性について}{section.3}% 11
\BOOKMARK [2][-]{subsection.3.2}{憲法35条の合憲性について}{section.3}% 12
\BOOKMARK [2][-]{subsection.3.3}{DNAサンプル採取は捜索に当たるか}{section.3}% 13
\BOOKMARK [2][-]{subsection.3.4}{身体拘束中の被疑者の場合}{section.3}% 14
\BOOKMARK [1][-]{section.4}{データベース化の合憲性について}{}% 15
\BOOKMARK [2][-]{subsection.4.1}{京都府学連事件からのアプローチ}{section.4}% 16
\BOOKMARK [2][-]{subsection.4.2}{比例原則からのアプローチ}{section.4}% 17
\BOOKMARK [2][-]{subsection.4.3}{構造審査的観点からのアプローチ}{section.4}% 18
\BOOKMARK [1][-]{section.5}{DNA型記録取扱規則の形式的正当性}{}% 19
\BOOKMARK [2][-]{subsection.5.1}{問題状況}{section.5}% 20
\BOOKMARK [2][-]{subsection.5.2}{DNA型記録取扱規則の法的位置づけ}{section.5}% 21
\BOOKMARK [2][-]{subsection.5.3}{警察法5条4項の性質}{section.5}% 22
\BOOKMARK [2][-]{subsection.5.4}{被疑者DNA型情報の収集・保管・運用を行うのに根拠規範が必要か}{section.5}% 23
\BOOKMARK [1][-]{section.6}{制度設計}{}% 24
\BOOKMARK [2][-]{subsection.6.1}{制度設計の観点}{section.6}% 25
\BOOKMARK [2][-]{subsection.6.2}{比例原則の観点から}{section.6}% 26
\BOOKMARK [2][-]{subsection.6.3}{構造審査の観点から}{section.6}% 27
\BOOKMARK [2][-]{subsection.6.4}{小括}{section.6}% 28
\BOOKMARK [1][-]{section.7}{結び}{}% 29
\BOOKMARK [1][-]{section.8}{参考文献}{}% 30
