%このファイルは日本語文字を含みます.
\BOOKMARK [1][-]{section.1}{はじめに}{}% 1
\BOOKMARK [2][-]{subsection.1.1}{問題の所在}{section.1}% 2
\BOOKMARK [2][-]{subsection.1.2}{本レポートの構成}{section.1}% 3
\BOOKMARK [1][-]{section.2}{AIについて}{}% 4
\BOOKMARK [2][-]{subsection.2.1}{AIの定義}{section.2}% 5
\BOOKMARK [2][-]{subsection.2.2}{AIの分類}{section.2}% 6
\BOOKMARK [2][-]{subsection.2.3}{機械学習}{section.2}% 7
\BOOKMARK [2][-]{subsection.2.4}{浮かび上がる懸念点}{section.2}% 8
\BOOKMARK [1][-]{section.3}{プライバシー権}{}% 9
\BOOKMARK [2][-]{subsection.3.1}{プライバシー権の発展}{section.3}% 10
\BOOKMARK [2][-]{subsection.3.2}{日本におけるプライバシー権の展開}{section.3}% 11
\BOOKMARK [1][-]{section.4}{プロファイリングについて}{}% 12
\BOOKMARK [2][-]{subsection.4.1}{定義　}{section.4}% 13
\BOOKMARK [2][-]{subsection.4.2}{プロファイリングと個人情報保護情報保護法}{section.4}% 14
\BOOKMARK [1][-]{section.5}{EUの一般データ保護規則と個人情報保護法について}{}% 15
\BOOKMARK [2][-]{subsection.5.1}{概要}{section.5}% 16
\BOOKMARK [2][-]{subsection.5.2}{プライバシー・バイ・デザイン}{section.5}% 17
\BOOKMARK [1][-]{section.6}{まとめ}{}% 18
\BOOKMARK [1][-]{section.7}{参考文献}{}% 19
