%このファイルは日本語文字を含みます.
\BOOKMARK [1][-]{section.1}{婚姻とは}{}% 1
\BOOKMARK [2][-]{subsection.1.1}{制度としての婚姻}{section.1}% 2
\BOOKMARK [2][-]{subsection.1.2}{婚姻の要件}{section.1}% 3
\BOOKMARK [2][-]{subsection.1.3}{婚姻の効果}{section.1}% 4
\BOOKMARK [1][-]{section.2}{日本社会における同性愛（者）}{}% 5
\BOOKMARK [2][-]{subsection.2.1}{同性愛者とは}{section.2}% 6
\BOOKMARK [2][-]{subsection.2.2}{同性愛者への歴史的差別}{section.2}% 7
\BOOKMARK [2][-]{subsection.2.3}{日本での同性愛者}{section.2}% 8
\BOOKMARK [1][-]{section.3}{同性婚}{}% 9
\BOOKMARK [2][-]{subsection.3.1}{同性婚が認められない現状}{section.3}% 10
\BOOKMARK [2][-]{subsection.3.2}{同性婚が認められないことによる非侵害利益}{section.3}% 11
\BOOKMARK [1][-]{section.4}{同性婚と憲法}{}% 12
\BOOKMARK [2][-]{subsection.4.1}{憲法13条}{section.4}% 13
\BOOKMARK [2][-]{subsection.4.2}{憲法14条}{section.4}% 14
\BOOKMARK [2][-]{subsection.4.3}{憲法24条}{section.4}% 15
\BOOKMARK [2][-]{subsection.4.4}{同性婚をめぐる憲法上の論点}{section.4}% 16
\BOOKMARK [1][-]{section.5}{同性パートナーシップ制度}{}% 17
\BOOKMARK [2][-]{subsection.5.1}{日本での同性パートナーシップ制度}{section.5}% 18
\BOOKMARK [2][-]{subsection.5.2}{憲法との関係}{section.5}% 19
\BOOKMARK [2][-]{subsection.5.3}{同性婚と同性パートナーシップ制度の違い}{section.5}% 20
\BOOKMARK [1][-]{section.6}{日本での同性婚導入に向けて}{}% 21
\BOOKMARK [2][-]{subsection.6.1}{同性婚導入国との比較}{section.6}% 22
\BOOKMARK [2][-]{subsection.6.2}{登録拡大と家族の在り方の多様性}{section.6}% 23
\BOOKMARK [2][-]{subsection.6.3}{今後の展望}{section.6}% 24
\BOOKMARK [1][-]{section.7}{参考文献}{}% 25
