%このファイルは日本語文字を含みます.
\BOOKMARK [1][-]{section.1}{序}{}% 1
\BOOKMARK [1][-]{section.2}{日本の放送の現状}{}% 2
\BOOKMARK [2][-]{subsection.2.1}{NHKと民放の二元体制}{section.2}% 3
\BOOKMARK [2][-]{subsection.2.2}{NHK}{section.2}% 4
\BOOKMARK [1][-]{section.3}{公共放送の意義に関する判例}{}% 5
\BOOKMARK [2][-]{subsection.3.1}{概要}{section.3}% 6
\BOOKMARK [2][-]{subsection.3.2}{公共放送の意義についての判示}{section.3}% 7
\BOOKMARK [1][-]{section.4}{放送の自由論}{}% 8
\BOOKMARK [2][-]{subsection.4.1}{検討の視座}{section.4}% 9
\BOOKMARK [2][-]{subsection.4.2}{従来の議論}{section.4}% 10
\BOOKMARK [2][-]{subsection.4.3}{マスメディアの自由論と部分規制論}{section.4}% 11
\BOOKMARK [2][-]{subsection.4.4}{二つのシナリオ 　}{section.4}% 12
\BOOKMARK [1][-]{section.5}{放送の現状分析}{}% 13
\BOOKMARK [2][-]{subsection.5.1}{分析の視座}{section.5}% 14
\BOOKMARK [2][-]{subsection.5.2}{「もう一つのシナリオ」との比較}{section.5}% 15
\BOOKMARK [2][-]{subsection.5.3}{「暗いシナリオ」との比較}{section.5}% 16
\BOOKMARK [2][-]{subsection.5.4}{第３のシナリオ}{section.5}% 17
\BOOKMARK [1][-]{section.6}{ネット時代における公共放送の役割}{}% 18
\BOOKMARK [2][-]{subsection.6.1}{二元体制からの転換}{section.6}% 19
\BOOKMARK [2][-]{subsection.6.2}{ジャーナリズムの同志に向けた公共放送の役割}{section.6}% 20
\BOOKMARK [2][-]{subsection.6.3}{一般市民に向けた公共放送の役割}{section.6}% 21
\BOOKMARK [1][-]{section.7}{放送制度の検討}{}% 22
\BOOKMARK [2][-]{subsection.7.1}{信頼の維持のために}{section.7}% 23
\BOOKMARK [2][-]{subsection.7.2}{番組編集準則}{section.7}% 24
\BOOKMARK [2][-]{subsection.7.3}{番組編集準則の運用についての試論}{section.7}% 25
\BOOKMARK [1][-]{section.8}{結}{}% 26
\BOOKMARK [1][-]{section.9}{参考文献}{}% 27
